<?xml version="1.0" encoding="UTF-8"?>
<!-- Generated by org.testng.reporters.JUnitXMLReporter -->
<testsuite ignored="0" hostname="BINTERNS-QA13L" failures="0" tests="3" name="Surefire test" time="44.2" errors="0" timestamp="2023-03-07T05:53:14 GMT-05:00">
  <testcase classname="Day2wait.NewTest" name="open" time="30.171"/>
  <testcase classname="Day2wait.NewTest" name="login" time="3.851"/>
  <testcase classname="Day2wait.NewTest" name="closeapp" time="10.143"/>
</testsuite> <!-- Surefire test -->
