<?xml version="1.0" encoding="UTF-8"?>
<!-- Generated by org.testng.reporters.JUnitXMLReporter -->
<testsuite ignored="0" hostname="BINTERNS-QA13L" failures="0" tests="4" name="Default test" time="14.824" errors="0" timestamp="2023-03-09T04:22:46 GMT-05:00">
  <testcase classname="Day3Method.Facbook" name="openChrome" time="8.138"/>
  <testcase classname="Day3Method.Facbook" name="verifyfb" time="0.043"/>
  <testcase classname="Day3Method.Facbook" name="fillpage" time="1.474"/>
  <testcase classname="Day3Method.Facbook" name="closefb" time="5.135"/>
</testsuite> <!-- Default test -->
