<?xml version="1.0" encoding="UTF-8"?>
<testng-results ignored="0" total="3" passed="3" failed="0" skipped="0">
  <reporter-output>
  </reporter-output>
  <suite started-at="2023-03-07T05:52:30 GMT-05:00" name="Surefire suite" finished-at="2023-03-07T05:53:14 GMT-05:00" duration-ms="44200">
    <groups>
    </groups>
    <test started-at="2023-03-07T05:52:30 GMT-05:00" name="Surefire test" finished-at="2023-03-07T05:53:14 GMT-05:00" duration-ms="44200">
      <class name="Day2wait.NewTest">
        <test-method signature="open()[pri:1, instance:Day2wait.NewTest@d59970a]" started-at="2023-03-07T05:52:30 GMT-05:00" name="open" finished-at="2023-03-07T05:53:00 GMT-05:00" duration-ms="30171" status="PASS">
          <reporter-output>
          </reporter-output>
        </test-method> <!-- open -->
        <test-method signature="login()[pri:2, instance:Day2wait.NewTest@d59970a]" started-at="2023-03-07T05:53:00 GMT-05:00" name="login" finished-at="2023-03-07T05:53:04 GMT-05:00" duration-ms="3851" status="PASS">
          <reporter-output>
          </reporter-output>
        </test-method> <!-- login -->
        <test-method signature="closeapp()[pri:3, instance:Day2wait.NewTest@d59970a]" started-at="2023-03-07T05:53:04 GMT-05:00" name="closeapp" finished-at="2023-03-07T05:53:14 GMT-05:00" duration-ms="10143" status="PASS">
          <reporter-output>
          </reporter-output>
        </test-method> <!-- closeapp -->
      </class> <!-- Day2wait.NewTest -->
    </test> <!-- Surefire test -->
  </suite> <!-- Surefire suite -->
</testng-results>
