<?xml version="1.0" encoding="UTF-8"?>
<testng-results ignored="0" total="4" passed="4" failed="0" skipped="0">
  <reporter-output>
  </reporter-output>
  <suite started-at="2023-03-09T04:22:31 GMT-05:00" name="Default suite" finished-at="2023-03-09T04:22:46 GMT-05:00" duration-ms="14824">
    <groups>
    </groups>
    <test started-at="2023-03-09T04:22:31 GMT-05:00" name="Default test" finished-at="2023-03-09T04:22:46 GMT-05:00" duration-ms="14824">
      <class name="Day3Method.Facbook">
        <test-method signature="openChrome()[pri:1, instance:Day3Method.Facbook@1283bb96]" started-at="2023-03-09T04:22:31 GMT-05:00" name="openChrome" finished-at="2023-03-09T04:22:39 GMT-05:00" duration-ms="8138" status="PASS">
          <reporter-output>
          </reporter-output>
        </test-method> <!-- openChrome -->
        <test-method signature="verifyfb()[pri:2, instance:Day3Method.Facbook@1283bb96]" started-at="2023-03-09T04:22:39 GMT-05:00" name="verifyfb" finished-at="2023-03-09T04:22:39 GMT-05:00" duration-ms="43" status="PASS">
          <reporter-output>
          </reporter-output>
        </test-method> <!-- verifyfb -->
        <test-method signature="fillpage()[pri:3, instance:Day3Method.Facbook@1283bb96]" started-at="2023-03-09T04:22:39 GMT-05:00" name="fillpage" finished-at="2023-03-09T04:22:41 GMT-05:00" duration-ms="1474" status="PASS">
          <reporter-output>
          </reporter-output>
        </test-method> <!-- fillpage -->
        <test-method signature="closefb()[pri:4, instance:Day3Method.Facbook@1283bb96]" started-at="2023-03-09T04:22:41 GMT-05:00" name="closefb" finished-at="2023-03-09T04:22:46 GMT-05:00" duration-ms="5135" status="PASS">
          <reporter-output>
          </reporter-output>
        </test-method> <!-- closefb -->
      </class> <!-- Day3Method.Facbook -->
    </test> <!-- Default test -->
  </suite> <!-- Default suite -->
</testng-results>
